# JRE version: Java(TM) SE Runtime Environment (21.0.5+9) (build 21.0.5+9-LTS-239)
# Java VM: Java HotSpot(TM) 64-Bit Server VM (21.0.5+9-LTS-239, mixed mode, sharing, tiered, compressed oops, compressed class ptrs, g1 gc, windows-amd64)
GC Precious Log:
 CardTable entry size: 512
 Card Set container configuration: InlinePtr #cards 4 size 8 Array Of Cards #cards 32 size 80 Howl #buckets 8 coarsen threshold 7372 Howl Bitmap #cards 1024 size 144 coarsen threshold 921 Card regions per heap region 1 cards per card region 8192
 CPUs: 24 total, 24 available
 Memory: 32676M
 Large Page Support: Disabled
 NUMA Support: Disabled
 Compressed Oops: Enabled (Zero based)
 Heap Region Size: 4M
 Heap Min Capacity: 8M
 Heap Initial Capacity: 512M
 Heap Max Capacity: 8172M
 Pre-touch: Disabled
 Parallel Workers: 18
 Concurrent Workers: 5
 Concurrent Refinement Workers: 18
 Periodic GC: Disabled
Heap:
 garbage-first heap   total 81920K, used 18686K [0x0000000601400000, 0x0000000800000000)
  region size 4096K, 1 young (4096K), 0 survivors (0K)
 Metaspace       used 37143K, committed 38336K, reserved 1114112K
  class space    used 4035K, committed 4480K, reserved 1048576K
GC Heap History (20 events):
Event: 2.646 GC heap after
{Heap after GC invocations=5 (full 0):
 garbage-first heap   total 94208K, used 27376K [0x0000000601400000, 0x0000000800000000)
  region size 4096K, 6 young (24576K), 6 survivors (24576K)
 Metaspace       used 27230K, committed 27520K, reserved 1114112K
  class space    used 3042K, committed 3136K, reserved 1048576K
}
Event: 2.795 GC heap before
{Heap before GC invocations=5 (full 0):
 garbage-first heap   total 94208K, used 56048K [0x0000000601400000, 0x0000000800000000)
  region size 4096K, 13 young (53248K), 6 survivors (24576K)
 Metaspace       used 27764K, committed 28032K, reserved 1114112K
  class space    used 3073K, committed 3200K, reserved 1048576K
}
Event: 2.806 GC heap after
{Heap after GC invocations=6 (full 0):
 garbage-first heap   total 94208K, used 34007K [0x0000000601400000, 0x0000000800000000)
  region size 4096K, 2 young (8192K), 2 survivors (8192K)
 Metaspace       used 27764K, committed 28032K, reserved 1114112K
  class space    used 3073K, committed 3200K, reserved 1048576K
}
Event: 3.233 GC heap before
{Heap before GC invocations=6 (full 0):
 garbage-first heap   total 94208K, used 70871K [0x0000000601400000, 0x0000000800000000)
  region size 4096K, 11 young (45056K), 2 survivors (8192K)
 Metaspace       used 29882K, committed 30336K, reserved 1114112K
  class space    used 3321K, committed 3520K, reserved 1048576K
}
Event: 3.237 GC heap after
{Heap after GC invocations=7 (full 0):
 garbage-first heap   total 94208K, used 35325K [0x0000000601400000, 0x0000000800000000)
  region size 4096K, 1 young (4096K), 1 survivors (4096K)
 Metaspace       used 29882K, committed 30336K, reserved 1114112K
  class space    used 3321K, committed 3520K, reserved 1048576K
}
Event: 3.422 GC heap before
{Heap before GC invocations=7 (full 0):
 garbage-first heap   total 94208K, used 72189K [0x0000000601400000, 0x0000000800000000)
  region size 4096K, 10 young (40960K), 1 survivors (4096K)
 Metaspace       used 30393K, committed 30848K, reserved 1114112K
  class space    used 3359K, committed 3584K, reserved 1048576K
}
Event: 3.425 GC heap after
{Heap after GC invocations=8 (full 0):
 garbage-first heap   total 94208K, used 35303K [0x0000000601400000, 0x0000000800000000)
  region size 4096K, 1 young (4096K), 1 survivors (4096K)
 Metaspace       used 30393K, committed 30848K, reserved 1114112K
  class space    used 3359K, committed 3584K, reserved 1048576K
}
Event: 3.865 GC heap before
{Heap before GC invocations=8 (full 0):
 garbage-first heap   total 94208K, used 72167K [0x0000000601400000, 0x0000000800000000)
  region size 4096K, 10 young (40960K), 1 survivors (4096K)
 Metaspace       used 32505K, committed 33024K, reserved 1114112K
  class space    used 3608K, committed 3840K, reserved 1048576K
}
Event: 3.872 GC heap after
{Heap after GC invocations=9 (full 0):
 garbage-first heap   total 311296K, used 38205K [0x0000000601400000, 0x0000000800000000)
  region size 4096K, 2 young (8192K), 2 survivors (8192K)
 Metaspace       used 32505K, committed 33024K, reserved 1114112K
  class space    used 3608K, committed 3840K, reserved 1048576K
}
Event: 4.683 GC heap before
{Heap before GC invocations=9 (full 0):
 garbage-first heap   total 311296K, used 120125K [0x0000000601400000, 0x0000000800000000)
  region size 4096K, 23 young (94208K), 2 survivors (8192K)
 Metaspace       used 35804K, committed 36288K, reserved 1114112K
  class space    used 3955K, committed 4160K, reserved 1048576K
}
Event: 4.690 GC heap after
{Heap after GC invocations=10 (full 0):
 garbage-first heap   total 311296K, used 43848K [0x0000000601400000, 0x0000000800000000)
  region size 4096K, 3 young (12288K), 3 survivors (12288K)
 Metaspace       used 35804K, committed 36288K, reserved 1114112K
  class space    used 3955K, committed 4160K, reserved 1048576K
}
Event: 5.310 GC heap before
{Heap before GC invocations=11 (full 0):
 garbage-first heap   total 180224K, used 138056K [0x0000000601400000, 0x0000000800000000)
  region size 4096K, 26 young (106496K), 3 survivors (12288K)
 Metaspace       used 39024K, committed 39616K, reserved 1114112K
  class space    used 4251K, committed 4544K, reserved 1048576K
}
Event: 5.315 GC heap after
{Heap after GC invocations=12 (full 0):
 garbage-first heap   total 180224K, used 45277K [0x0000000601400000, 0x0000000800000000)
  region size 4096K, 3 young (12288K), 3 survivors (12288K)
 Metaspace       used 39024K, committed 39616K, reserved 1114112K
  class space    used 4251K, committed 4544K, reserved 1048576K
}
Event: 5.438 GC heap before
{Heap before GC invocations=12 (full 0):
 garbage-first heap   total 180224K, used 135389K [0x0000000601400000, 0x0000000800000000)
  region size 4096K, 26 young (106496K), 3 survivors (12288K)
 Metaspace       used 39140K, committed 39808K, reserved 1114112K
  class space    used 4252K, committed 4544K, reserved 1048576K
}
Event: 5.479 GC heap after
{Heap after GC invocations=13 (full 1):
 garbage-first heap   total 81920K, used 19093K [0x0000000601400000, 0x0000000800000000)
  region size 4096K, 0 young (0K), 0 survivors (0K)
 Metaspace       used 37035K, committed 38336K, reserved 1114112K
  class space    used 4018K, committed 4480K, reserved 1048576K
}
Event: 5.479 GC heap before
{Heap before GC invocations=13 (full 1):
 garbage-first heap   total 81920K, used 19093K [0x0000000601400000, 0x0000000800000000)
  region size 4096K, 0 young (0K), 0 survivors (0K)
 Metaspace       used 37035K, committed 38336K, reserved 1114112K
  class space    used 4018K, committed 4480K, reserved 1048576K
}
Event: 5.521 GC heap after
{Heap after GC invocations=14 (full 2):
 garbage-first heap   total 81920K, used 19093K [0x0000000601400000, 0x0000000800000000)
  region size 4096K, 0 young (0K), 0 survivors (0K)
 Metaspace       used 37035K, committed 38336K, reserved 1114112K
  class space    used 4018K, committed 4480K, reserved 1048576K
}
Event: 5.528 GC heap before
{Heap before GC invocations=14 (full 2):
 garbage-first heap   total 81920K, used 19093K [0x0000000601400000, 0x0000000800000000)
  region size 4096K, 1 young (4096K), 0 survivors (0K)
 Metaspace       used 37077K, committed 38336K, reserved 1114112K
  class space    used 4027K, committed 4480K, reserved 1048576K
}
Event: 5.571 GC heap after
{Heap after GC invocations=15 (full 3):
 garbage-first heap   total 81920K, used 18686K [0x0000000601400000, 0x0000000800000000)
  region size 4096K, 0 young (0K), 0 survivors (0K)
 Metaspace       used 37077K, committed 38336K, reserved 1114112K
  class space    used 4027K, committed 4480K, reserved 1048576K
}
Event: 5.571 GC heap before
{Heap before GC invocations=15 (full 3):
 garbage-first heap   total 81920K, used 18686K [0x0000000601400000, 0x0000000800000000)
  region size 4096K, 0 young (0K), 0 survivors (0K)
 Metaspace       used 37077K, committed 38336K, reserved 1114112K
  class space    used 4027K, committed 4480K, reserved 1048576K
}

