# JRE version: Java(TM) SE Runtime Environment (21.0.5+9) (build 21.0.5+9-LTS-239)
# Java VM: Java HotSpot(TM) 64-Bit Server VM (21.0.5+9-LTS-239, mixed mode, sharing, tiered, compressed oops, compressed class ptrs, g1 gc, windows-amd64)
GC Precious Log:
 CardTable entry size: 512
 Card Set container configuration: InlinePtr #cards 4 size 8 Array Of Cards #cards 32 size 80 Howl #buckets 8 coarsen threshold 7372 Howl Bitmap #cards 1024 size 144 coarsen threshold 921 Card regions per heap region 1 cards per card region 8192
 CPUs: 24 total, 24 available
 Memory: 32676M
 Large Page Support: Disabled
 NUMA Support: Disabled
 Compressed Oops: Enabled (Zero based)
 Heap Region Size: 4M
 Heap Min Capacity: 8M
 Heap Initial Capacity: 512M
 Heap Max Capacity: 8172M
 Pre-touch: Disabled
 Parallel Workers: 18
 Concurrent Workers: 5
 Concurrent Refinement Workers: 18
 Periodic GC: Disabled
Heap:
 garbage-first heap   total 151552K, used 75263K [0x0000000601400000, 0x0000000800000000)
  region size 4096K, 10 young (40960K), 1 survivors (4096K)
 Metaspace       used 38157K, committed 38784K, reserved 1114112K
  class space    used 4193K, committed 4480K, reserved 1048576K
GC Heap History (18 events):
Event: 0.369 GC heap before
{Heap before GC invocations=0 (full 0):
 garbage-first heap   total 524288K, used 24576K [0x0000000601400000, 0x0000000800000000)
  region size 4096K, 6 young (24576K), 0 survivors (0K)
 Metaspace       used 6086K, committed 6208K, reserved 1114112K
  class space    used 688K, committed 768K, reserved 1048576K
}
Event: 0.372 GC heap after
{Heap after GC invocations=1 (full 0):
 garbage-first heap   total 524288K, used 3972K [0x0000000601400000, 0x0000000800000000)
  region size 4096K, 1 young (4096K), 1 survivors (4096K)
 Metaspace       used 6086K, committed 6208K, reserved 1114112K
  class space    used 688K, committed 768K, reserved 1048576K
}
Event: 0.697 GC heap before
{Heap before GC invocations=1 (full 0):
 garbage-first heap   total 524288K, used 36740K [0x0000000601400000, 0x0000000800000000)
  region size 4096K, 9 young (36864K), 1 survivors (4096K)
 Metaspace       used 9972K, committed 10112K, reserved 1114112K
  class space    used 1154K, committed 1216K, reserved 1048576K
}
Event: 0.700 GC heap after
{Heap after GC invocations=2 (full 0):
 garbage-first heap   total 524288K, used 5395K [0x0000000601400000, 0x0000000800000000)
  region size 4096K, 2 young (8192K), 2 survivors (8192K)
 Metaspace       used 9972K, committed 10112K, reserved 1114112K
  class space    used 1154K, committed 1216K, reserved 1048576K
}
Event: 1.915 GC heap before
{Heap before GC invocations=2 (full 0):
 garbage-first heap   total 524288K, used 165139K [0x0000000601400000, 0x0000000800000000)
  region size 4096K, 26 young (106496K), 2 survivors (8192K)
 Metaspace       used 21140K, committed 21504K, reserved 1114112K
  class space    used 2435K, committed 2624K, reserved 1048576K
}
Event: 1.921 GC heap after
{Heap after GC invocations=3 (full 0):
 garbage-first heap   total 524288K, used 12141K [0x0000000601400000, 0x0000000800000000)
  region size 4096K, 3 young (12288K), 3 survivors (12288K)
 Metaspace       used 21140K, committed 21504K, reserved 1114112K
  class space    used 2435K, committed 2624K, reserved 1048576K
}
Event: 2.418 GC heap before
{Heap before GC invocations=4 (full 0):
 garbage-first heap   total 57344K, used 57197K [0x0000000601400000, 0x0000000800000000)
  region size 4096K, 14 young (57344K), 3 survivors (12288K)
 Metaspace       used 26991K, committed 27264K, reserved 1114112K
  class space    used 3036K, committed 3136K, reserved 1048576K
}
Event: 2.428 GC heap after
{Heap after GC invocations=5 (full 0):
 garbage-first heap   total 86016K, used 26124K [0x0000000601400000, 0x0000000800000000)
  region size 4096K, 7 young (28672K), 7 survivors (28672K)
 Metaspace       used 26991K, committed 27264K, reserved 1114112K
  class space    used 3036K, committed 3136K, reserved 1048576K
}
Event: 2.504 GC heap before
{Heap before GC invocations=5 (full 0):
 garbage-first heap   total 86016K, used 46604K [0x0000000601400000, 0x0000000800000000)
  region size 4096K, 12 young (49152K), 7 survivors (28672K)
 Metaspace       used 27325K, committed 27648K, reserved 1114112K
  class space    used 3052K, committed 3200K, reserved 1048576K
}
Event: 2.514 GC heap after
{Heap after GC invocations=6 (full 0):
 garbage-first heap   total 86016K, used 29257K [0x0000000601400000, 0x0000000800000000)
  region size 4096K, 2 young (8192K), 2 survivors (8192K)
 Metaspace       used 27325K, committed 27648K, reserved 1114112K
  class space    used 3052K, committed 3200K, reserved 1048576K
}
Event: 2.810 GC heap before
{Heap before GC invocations=6 (full 0):
 garbage-first heap   total 86016K, used 57929K [0x0000000601400000, 0x0000000800000000)
  region size 4096K, 10 young (40960K), 2 survivors (8192K)
 Metaspace       used 28440K, committed 28800K, reserved 1114112K
  class space    used 3158K, committed 3328K, reserved 1048576K
}
Event: 2.816 GC heap after
{Heap after GC invocations=7 (full 0):
 garbage-first heap   total 86016K, used 32129K [0x0000000601400000, 0x0000000800000000)
  region size 4096K, 2 young (8192K), 2 survivors (8192K)
 Metaspace       used 28440K, committed 28800K, reserved 1114112K
  class space    used 3158K, committed 3328K, reserved 1048576K
}
Event: 3.092 GC heap before
{Heap before GC invocations=7 (full 0):
 garbage-first heap   total 86016K, used 60801K [0x0000000601400000, 0x0000000800000000)
  region size 4096K, 10 young (40960K), 2 survivors (8192K)
 Metaspace       used 29885K, committed 30336K, reserved 1114112K
  class space    used 3322K, committed 3520K, reserved 1048576K
}
Event: 3.099 GC heap after
{Heap after GC invocations=8 (full 0):
 garbage-first heap   total 307200K, used 33480K [0x0000000601400000, 0x0000000800000000)
  region size 4096K, 2 young (8192K), 2 survivors (8192K)
 Metaspace       used 29885K, committed 30336K, reserved 1114112K
  class space    used 3322K, committed 3520K, reserved 1048576K
}
Event: 4.516 GC heap before
{Heap before GC invocations=8 (full 0):
 garbage-first heap   total 307200K, used 185032K [0x0000000601400000, 0x0000000800000000)
  region size 4096K, 40 young (163840K), 2 survivors (8192K)
 Metaspace       used 35613K, committed 36096K, reserved 1114112K
  class space    used 3932K, committed 4160K, reserved 1048576K
}
Event: 4.523 GC heap after
{Heap after GC invocations=9 (full 0):
 garbage-first heap   total 307200K, used 40155K [0x0000000601400000, 0x0000000800000000)
  region size 4096K, 3 young (12288K), 3 survivors (12288K)
 Metaspace       used 35613K, committed 36096K, reserved 1114112K
  class space    used 3932K, committed 4160K, reserved 1048576K
}
Event: 5.024 GC heap before
{Heap before GC invocations=10 (full 0):
 garbage-first heap   total 151552K, used 113883K [0x0000000601400000, 0x0000000800000000)
  region size 4096K, 22 young (90112K), 3 survivors (12288K)
 Metaspace       used 37834K, committed 38400K, reserved 1114112K
  class space    used 4167K, committed 4480K, reserved 1048576K
}
Event: 5.030 GC heap after
{Heap after GC invocations=11 (full 0):
 garbage-first heap   total 151552K, used 42495K [0x0000000601400000, 0x0000000800000000)
  region size 4096K, 1 young (4096K), 1 survivors (4096K)
 Metaspace       used 37834K, committed 38400K, reserved 1114112K
  class space    used 4167K, committed 4480K, reserved 1048576K
}

